5652388522229760_0
5652388522229760_1
5634697451274240_0
5634697451274240_1
5738606668808192_0
5738606668808192_1
5636311922769920_0
5636311922769920_1
5631989306621952_0
5631989306621952_1
5630113748090880_0
5630113748090880_1
5631572862566400_0
5631572862566400_1
5648941810974720_0
5648941810974720_1
5695413893988352_0
5695413893988352_1
5686313294495744_0
5686313294495744_1
5753053697277952_0
5753053697277952_1
5744014401732608_0
5744014401732608_1
5708921029263360_0
5708921029263360_1
5639104758808576_0
5639104758808576_1
5686275109552128_0
5686275109552128_1
5670465267826688_0
5670465267826688_1
5658571765186560_0
5658571765186560_1
6404600001200128_0
6404600001200128_1
5765824346324992_0
5765824346324992_1
6377668744314880_0
6377668744314880_1
5688567749672960_0
5688567749672960_1
5769900270288896_0
5769900270288896_1
5662291475300352_0
5662291475300352_1
5640146288377856_0
5640146288377856_1
5708284669460480_0
5708284669460480_1
5646553574277120_0
5646553574277120_1
5756407898963968_0
5709773144064000_0
5709773144064000_1
5690574640250880_0
5690574640250880_1
5644738749267968_0
5644738749267968_1
5634947029139456_0
5634947029139456_1
5766201229705216_0
5766201229705216_1
5752104073297920_0
5751500831719424_0
5751500831719424_1
5658282861527040_0
5658282861527040_1
5731331665297408_0
5731331665297408_1
5706278382862336_0
5706278382862336_1
5669245564223488_0
5669245564223488_1
5658068650033152_0
5658068650033152_1
2453486_0
2453486_1
2449486_0
2449486_1
2463486_0
2463486_1
2458486_0
2458486_1
2464487_0
2464487_1
2645486_0
2645486_1
2652486_0
2652486_1
2692487_0
2692487_1
2700486_0
2700486_1
2705486_0
2705486_1
2751486_0
2751486_1
2749486_0
2749486_1
2755486_0
2755486_1
1483485_0
1595491_0
1595491_1
1483488_0
1483488_1
1285485_0
1285485_1
1673486_0
1673486_1
1482494_0
1482494_1
1480492_0
1480492_1
1480487_0
1480487_1
1485488_0
1485488_1
1484496_0
1484496_1
1674486_0
1674486_1
1482492_0
1482492_1
1485490_0
1485490_1
-15
C & -15 & Timeout & 263 \\ 
1
C & 1 & Operation not permitted & 127 \\ 
10
C & 10 & No child processes & 15 \\ 
13
C & 13 & Permission denied & 1 \\ 
16
C & 16 & Device or resource busy & 6 \\ 
20
C & 20 & Not a directory & 39 \\ 
25
C & 25 & Inappropriate ioctl for device & 1 \\ 
30
C & 30 & Read-only file system & 10 \\ 
31
C & 31 & Too many links & 1 \\ 
46
C & 46 & Level 3 halted & 3 \\ 
50
C & 50 & No CSI structure available & 78 \\ 
55
C & 55 & No anode & 3 \\ 
64
C & 64 & Machine is not on the network & 9 \\ 
100
C & 100 & Network is down & 255 \\ 
112
C & 112 & Host is down & 1 \\ 
120
C & 120 & Is a named type file & 1 \\ 
128
C & 128 & Key has been revoked & 3 \\ 
134
C & 134 & Unknown error 134 & 12 \\ 
135
C & 135 & Unknown error 135 & 1 \\ 
136
C & 136 & Unknown error 136 & 8 \\ 
137
C & 137 & Unknown error 137 & 1 \\ 
139
C & 139 & Unknown error 139 & 504 \\ 
200
C & 200 & Unknown error 200 & 4 \\ 
225
C & 225 & Unknown error 225 & 5 \\ 
232
C & 232 & Unknown error 232 & 11 \\ 
244
C & 244 & Unknown error 244 & 1 \\ 
252
C & 252 & Unknown error 252 & 1 \\ 
253
C & 253 & Unknown error 253 & 2 \\ 
254
C & 254 & Unknown error 254 & 2 \\ 
255
C & 255 & Unknown error 255 & 62 \\ 
-15
C# & -15 & Timeout & 238 \\ 
1
C# & 1 & Operation not permitted & 2262 \\ 
2
C# & 2 & No such file or directory & 1 \\ 
255
C# & 255 & Unknown error 255 & 9 \\ 
-15
C++ & -15 & Timeout & 9080 \\ 
1
C++ & 1 & Operation not permitted & 651 \\ 
2
C++ & 2 & No such file or directory & 4 \\ 
10
C++ & 10 & No child processes & 1 \\ 
47
C++ & 47 & Level 3 reset & 2 \\ 
127
C++ & 127 & Key has expired & 4225 \\ 
134
C++ & 134 & Unknown error 134 & 3018 \\ 
135
C++ & 135 & Unknown error 135 & 26 \\ 
136
C++ & 136 & Unknown error 136 & 508 \\ 
137
C++ & 137 & Unknown error 137 & 3 \\ 
139
C++ & 139 & Unknown error 139 & 86 \\ 
255
C++ & 255 & Unknown error 255 & 295 \\ 
-15
Java & -15 & Timeout & 997 \\ 
1
Java & 1 & Operation not permitted & 15212 \\ 
5
Java & 5 & Input/output error & 2 \\ 
42
Java & 42 & No message of desired type & 2 \\ 
154
Java & 154 & Unknown error 154 & 3 \\ 
234
Java & 234 & Unknown error 234 & 1 \\ 
239
Java & 239 & Unknown error 239 & 1 \\ 
255
Java & 255 & Unknown error 255 & 44 \\ 
-15
Python & -15 & Timeout & 2048 \\ 
1
Python & 1 & Operation not permitted & 2373 \\ 
2
Python & 2 & No such file or directory & 14014 \\ 
127
Python & 127 & Key has expired & 6 \\ 
255
Python & 255 & Unknown error 255 & 12 \\ 
